<?xml version="1.0" encoding="UTF-8"?>
<testng-results skipped="0" failed="0" ignored="0" total="2" passed="2">
  <reporter-output>
  </reporter-output>
  <suite name="Suite" duration-ms="181" started-at="2019-12-19T22:21:04Z" finished-at="2019-12-19T22:21:04Z">
    <groups>
    </groups>
    <test name="Test" duration-ms="181" started-at="2019-12-19T22:21:04Z" finished-at="2019-12-19T22:21:04Z">
      <class name="test.Test1">
        <test-method status="PASS" signature="m()[pri:0, instance:test.Test1@50c87b21]" name="m" duration-ms="51" started-at="2019-12-19T22:21:04Z" finished-at="2019-12-19T22:21:04Z">
          <reporter-output>
          </reporter-output>
        </test-method> <!-- m -->
        <test-method status="PASS" signature="m2()[pri:0, instance:test.Test1@50c87b21]" name="m2" duration-ms="11" started-at="2019-12-19T22:21:04Z" finished-at="2019-12-19T22:21:04Z">
          <reporter-output>
          </reporter-output>
        </test-method> <!-- m2 -->
      </class> <!-- test.Test1 -->
    </test> <!-- Test -->
  </suite> <!-- Suite -->
</testng-results>
