<?xml version="1.0" encoding="UTF-8"?>
<testng-results skipped="0" failed="0" ignored="0" total="2" passed="2">
  <reporter-output>
  </reporter-output>
  <suite name="Default suite" duration-ms="177" started-at="2020-01-26T22:04:43Z" finished-at="2020-01-26T22:04:43Z">
    <groups>
    </groups>
    <test name="Default test" duration-ms="177" started-at="2020-01-26T22:04:43Z" finished-at="2020-01-26T22:04:43Z">
      <class name="practice.siteloan">
        <test-method status="PASS" signature="s1()[pri:0, instance:practice.siteloan@396a51ab]" name="s1" duration-ms="44" started-at="2020-01-26T22:04:43Z" finished-at="2020-01-26T22:04:43Z">
          <reporter-output>
          </reporter-output>
        </test-method> <!-- s1 -->
        <test-method status="PASS" signature="s2()[pri:0, instance:practice.siteloan@396a51ab]" name="s2" duration-ms="10" started-at="2020-01-26T22:04:43Z" finished-at="2020-01-26T22:04:43Z">
          <reporter-output>
          </reporter-output>
        </test-method> <!-- s2 -->
      </class> <!-- practice.siteloan -->
    </test> <!-- Default test -->
  </suite> <!-- Default suite -->
</testng-results>
