<?xml version="1.0" encoding="UTF-8"?>
<!-- Generated by org.testng.reporters.JUnitXMLReporter -->
<testsuite hostname="Balu" ignored="0" name="Home loan" tests="6" failures="0" timestamp="12 Dec 2019 11:54:58 GMT" time="0.099" errors="0">
  <testcase name="loginwebHome" time="0.012" classname="test.Test3"/>
  <testcase name="loginIpadHome" time="0.023" classname="test.Test3"/>
  <testcase name="loginMobHome" time="0.006" classname="test.Test3"/>
  <testcase name="loginMobHome" time="0.007" classname="test.Test3"/>
  <testcase name="loginMobHome" time="0.004" classname="test.Test3"/>
  <testcase name="loginAPIHome" time="0.004" classname="test.Test3"/>
</testsuite> <!-- Home loan -->
