<?xml version="1.0" encoding="UTF-8"?>
<!-- Generated by org.testng.reporters.JUnitXMLReporter -->
<testsuite hostname="Balu" ignored="0" name="Personal loan" tests="6" failures="1" timestamp="12 Dec 2019 11:54:58 GMT" time="0.221" errors="0">
  <testcase name="m1" time="0.016" classname="test.Test1"/>
  <testcase name="m2" time="0.011" classname="test.Test1">
    <failure type="java.lang.AssertionError" message="expected [true] but found [false]">
      <![CDATA[java.lang.AssertionError: expected [true] but found [false]
at test.Test1.m2(Test1.java:23)
... Removed 29 stack frames]]>
    </failure>
  </testcase> <!-- m2 -->
  <testcase name="m3" time="0.005" classname="test.Test1"/>
  <testcase name="m3" time="0.013" classname="test.Test1"/>
  <testcase name="m3" time="0.008" classname="test.Test1"/>
  <testcase name="mn" time="0.005" classname="test.Test4"/>
</testsuite> <!-- Personal loan -->
