<?xml version="1.0" encoding="UTF-8"?>
<!-- Generated by org.testng.reporters.JUnitXMLReporter -->
<testsuite hostname="Balu" ignored="0" name="site loan" tests="4" failures="1" timestamp="26 Jan 2020 20:25:57 GMT" time="0.071" errors="0">
  <testcase name="s1" time="0.004" classname="practice.siteloan"/>
  <testcase name="s2" time="0.006" classname="practice.siteloan"/>
  <testcase name="mob2" time="0.0" classname="practice.Moble">
    <failure type="org.testng.TestNGException" message="
Cannot inject @Test annotated Method [mob2] with [class java.lang.String, class java.lang.String].
For more information on native dependency injection please refer to http://testng.org/doc/documentation-main.html#native-dependency-injection">
      <![CDATA[org.testng.TestNGException: 
Cannot inject @Test annotated Method [mob2] with [class java.lang.String, class java.lang.String].
For more information on native dependency injection please refer to http://testng.org/doc/documentation-main.html#native-dependency-injection
... Removed 24 stack frames]]>
    </failure>
  </testcase> <!-- mob2 -->
  <testcase name="mob1" time="0.0" classname="practice.Moble">
    <skipped/>
  </testcase> <!-- mob1 -->
</testsuite> <!-- site loan -->
