<?xml version="1.0" encoding="UTF-8"?>
<!-- Generated by org.testng.reporters.JUnitXMLReporter -->
<testsuite hostname="Balu" ignored="0" name="Test" tests="4" failures="0" timestamp="2019-12-09T13:40:26 IST" time="0.267" errors="0">
  <testcase name="m1" time="0.041" classname="test.Test1"/>
  <testcase name="loginAPICar" time="0.006" classname="test.Test2"/>
  <testcase name="loginmobCar" time="0.007" classname="test.Test2"/>
  <testcase name="loginwebCar" time="0.004" classname="test.Test2"/>
</testsuite> <!-- Test -->
