<?xml version="1.0" encoding="UTF-8"?>
<testng-results skipped="0" failed="0" ignored="0" total="2" passed="2">
  <reporter-output>
  </reporter-output>
  <suite name="Reddif Mail" duration-ms="59117" started-at="2019-12-16T21:40:45Z" finished-at="2019-12-16T21:41:44Z">
    <groups>
    </groups>
    <test name="Login" duration-ms="59117" started-at="2019-12-16T21:40:45Z" finished-at="2019-12-16T21:41:44Z">
      <class name="Testcases.LoginApplication_POFactory">
        <test-method status="PASS" signature="Login()[pri:0, instance:Testcases.LoginApplication_POFactory@1ab3a8c8]" name="Login" duration-ms="35250" started-at="2019-12-16T21:41:08Z" finished-at="2019-12-16T21:41:44Z">
          <reporter-output>
          </reporter-output>
        </test-method> <!-- Login -->
      </class> <!-- Testcases.LoginApplication_POFactory -->
      <class name="Testcases.LoginApplication">
        <test-method status="PASS" signature="Login(java.lang.String)[pri:0, instance:Testcases.LoginApplication@6973b51b]" name="Login" duration-ms="23763" started-at="2019-12-16T21:40:45Z" finished-at="2019-12-16T21:41:08Z">
          <params>
            <param index="0">
              <value>
                <![CDATA[https://mail.rediff.com/cgi-bin/login.cgi]]>
              </value>
            </param>
          </params>
          <reporter-output>
          </reporter-output>
        </test-method> <!-- Login -->
      </class> <!-- Testcases.LoginApplication -->
    </test> <!-- Login -->
  </suite> <!-- Reddif Mail -->
</testng-results>
